app/build/outputs/logs/manifest-merger-debug-report.txt
-- Merging decision tree log ---
manifest
ADDED from src/main/AndroidManifest.xml:22:1-3278:12
INJECTED from src/main/AndroidManifest.xml:22:1-3278:12
MERGED from [com.google.android.material:material:1.0.0] AndroidManifest.xml:17:1-24:12
MERGED from [androidx.appcompat:appcompat:1.0.2] AndroidManifest.xml:17:1-22:12
MERGED from [androidx.recyclerview:recyclerview:1.0.0] AndroidManifest.xml:17:1-22:12
MERGED from [androidx.legacy:legacy-support-v4:1.0.0] AndroidManifest.xml:17:1-22:12
MERGED from [androidx.gridlayout:gridlayout:1.0.0] AndroidManifest.xml:17:1-22:12
MERGED from [androidx.fragment:fragment:1.0.0] AndroidManifest.xml:17:1-22:12
MERGED from [androidx.vectordrawable:vectordrawable-animated:1.0.0] AndroidManifest.xml:17:1-22:12
MERGED from [androidx.legacy:legacy-support-core-ui:1.0.0] AndroidManifest.xml:17:1-22:12
MERGED from [androidx.legacy:legacy-support-core-utils:1.0.0] AndroidManifest.xml:17:1-22:12
MERGED from [androidx.media:media:1.0.0] AndroidManifest.xml:17:1-22:12
MERGED from [androidx.transition:transition:1.0.0] AndroidManifest.xml:17:1-22:12
MERGED from [androidx.cardview:cardview:1.0.0] AndroidManifest.xml:17:1-22:12
MERGED from [androidx.documentfile:documentfile:1.0.0] AndroidManifest.xml:17:1-22:12
MERGED from [androidx.loader:loader:1.0.0] AndroidManifest.xml:17:1-22:12
MERGED from [androidx.localbroadcastmanager:localbroadcastmanager:1.0.0] AndroidManifest.xml:17:1-22:12
MERGED from [androidx.print:print:1.0.0] AndroidManifest.xml:17:1-22:12
MERGED from [androidx.lifecycle:lifecycle-viewmodel:2.0.0] AndroidManifest.xml:17:1-22:12
MERGED from [androidx.viewpager:viewpager:1.0.0] AndroidManifest.xml:17:1-22:12
MERGED from [androidx.coordinatorlayout:coordinatorlayout:1.0.0] AndroidManifest.xml:17:1-22:12
MERGED from [androidx.drawerlayout:drawerlayout:1.0.0] AndroidManifest.xml:17:1-22:12
MERGED from [androidx.slidingpanelayout:slidingpanelayout:1.0.0] AndroidManifest.xml:17:1-22:12
MERGED from [androidx.customview:customview:1.0.0] AndroidManifest.xml:17:1-22:12
MERGED from [androidx.swiperefreshlayout:swiperefreshlayout:1.0.0] AndroidManifest.xml:17:1-22:12
MERGED from [androidx.interpolator:interpolator:1.0.0] AndroidManifest.xml:17:1-22:12
MERGED from [androidx.asynclayoutinflater:asynclayoutinflater:1.0.0] AndroidManifest.xml:17:1-22:12
MERGED from [androidx.cursoradapter:cursoradapter:1.0.0] AndroidManifest.xml:17:1-22:12
MERGED from [androidx.vectordrawable:vectordrawable:1.0.1] AndroidManifest.xml:17:1-22:12
MERGED from [androidx.core:core:1.0.1] AndroidManifest.xml:17:1-24:12
MERGED from [androidx.versionedparcelable:versionedparcelable:1.0.0] AndroidManifest.xml:17:1-25:12
MERGED from [androidx.lifecycle:lifecycle-livedata:2.0.0] AndroidManifest.xml:17:1-22:12
MERGED from [androidx.lifecycle:lifecycle-livedata-core:2.0.0] AndroidManifest.xml:17:1-22:12
MERGED from [androidx.arch.core:core-runtime:2.0.0] AndroidManifest.xml:17:1-22:12
MERGED from [androidx.lifecycle:lifecycle-runtime:2.0.0] AndroidManifest.xml:17:1-22:12
INJECTED from src/main/AndroidManifest.xml:22:1-3278:12
	package
		ADDED from src/main/AndroidManifest.xml:23:5-39
		INJECTED from src/main/AndroidManifest.xml
		INJECTED from src/main/AndroidManifest.xml
	xmlns:android
		ADDED from src/main/AndroidManifest.xml:22:11-69
	android:installLocation
		ADDED from src/main/AndroidManifest.xml:24:5-35
uses-permission#android.permission.READ_CONTACTS
ADDED from src/main/AndroidManifest.xml:26:5-72
	android:name
		ADDED from src/main/AndroidManifest.xml:26:22-69
uses-permission#android.permission.WRITE_CONTACTS
ADDED from src/main/AndroidManifest.xml:27:5-73
	android:name
		ADDED from src/main/AndroidManifest.xml:27:22-70
uses-permission#android.permission.VIBRATE
ADDED from src/main/AndroidManifest.xml:28:5-66
	android:name
		ADDED from src/main/AndroidManifest.xml:28:22-63
uses-permission#android.permission.ACCESS_COARSE_LOCATION
ADDED from src/main/AndroidManifest.xml:29:5-81
	android:name
		ADDED from src/main/AndroidManifest.xml:29:22-78
uses-permission#android.permission.INTERNET
ADDED from src/main/AndroidManifest.xml:30:5-67
	android:name
		ADDED from src/main/AndroidManifest.xml:30:22-64
uses-permission#android.permission.SET_WALLPAPER
ADDED from src/main/AndroidManifest.xml:31:5-72
	android:name
		ADDED from src/main/AndroidManifest.xml:31:22-69
uses-permission#android.permission.WRITE_EXTERNAL_STORAGE
ADDED from src/main/AndroidManifest.xml:32:5-81
	android:name
		ADDED from src/main/AndroidManifest.xml:32:22-78
uses-permission#android.permission.SEND_SMS
ADDED from src/main/AndroidManifest.xml:33:5-67
	android:name
		ADDED from src/main/AndroidManifest.xml:33:22-64
uses-permission#android.permission.RECEIVE_SMS
ADDED from src/main/AndroidManifest.xml:34:5-70
	android:name
		ADDED from src/main/AndroidManifest.xml:34:22-67
uses-permission#android.permission.RECEIVE_MMS
ADDED from src/main/AndroidManifest.xml:35:5-69
	android:name
		ADDED from src/main/AndroidManifest.xml:35:22-67
uses-permission#android.permission.WRITE_SMS
ADDED from src/main/AndroidManifest.xml:36:5-67
	android:name
		ADDED from src/main/AndroidManifest.xml:36:22-65
uses-permission#android.permission.READ_SMS
ADDED from src/main/AndroidManifest.xml:37:5-66
	android:name
		ADDED from src/main/AndroidManifest.xml:37:22-64
uses-permission#android.permission.NFC
ADDED from src/main/AndroidManifest.xml:38:5-62
	android:name
		ADDED from src/main/AndroidManifest.xml:38:22-59
uses-permission#android.permission.TRANSMIT_IR
ADDED from src/main/AndroidManifest.xml:39:5-70
	android:name
		ADDED from src/main/AndroidManifest.xml:39:22-67
uses-permission#android.permission.READ_PHONE_STATE
ADDED from src/main/AndroidManifest.xml:40:5-74
	android:name
		ADDED from src/main/AndroidManifest.xml:40:22-72
uses-permission#android.permission.WAKE_LOCK
ADDED from src/main/AndroidManifest.xml:41:5-67
	android:name
		ADDED from src/main/AndroidManifest.xml:41:22-65
uses-permission#android.permission.FOREGROUND_SERVICE
ADDED from src/main/AndroidManifest.xml:42:5-76
	android:name
		ADDED from src/main/AndroidManifest.xml:42:22-74
uses-permission#android.permission.REQUEST_INSTALL_PACKAGES
ADDED from src/main/AndroidManifest.xml:43:5-82
	android:name
		ADDED from src/main/AndroidManifest.xml:43:22-80
uses-permission#android.permission.REQUEST_DELETE_PACKAGES
ADDED from src/main/AndroidManifest.xml:44:5-81
	android:name
		ADDED from src/main/AndroidManifest.xml:44:22-79
uses-permission#android.permission.SYSTEM_ALERT_WINDOW
ADDED from src/main/AndroidManifest.xml:46:5-77
	android:name
		ADDED from src/main/AndroidManifest.xml:46:22-75
uses-permission#android.permission.RECORD_AUDIO
ADDED from src/main/AndroidManifest.xml:49:5-71
	android:name
		ADDED from src/main/AndroidManifest.xml:49:22-68
uses-permission#android.permission.CAMERA
ADDED from src/main/AndroidManifest.xml:53:5-65
	android:name
		ADDED from src/main/AndroidManifest.xml:53:22-62
uses-feature#android.hardware.camera
ADDED from src/main/AndroidManifest.xml:54:5-60
	android:name
		ADDED from src/main/AndroidManifest.xml:54:19-57
uses-feature#android.hardware.camera.autofocus
ADDED from src/main/AndroidManifest.xml:55:5-95
	android:required
		ADDED from src/main/AndroidManifest.xml:55:68-92
	android:name
		ADDED from src/main/AndroidManifest.xml:55:19-67
uses-sdk
ADDED from src/main/AndroidManifest.xml:57:5-47
INJECTED from src/main/AndroidManifest.xml:57:5-47
INJECTED from src/main/AndroidManifest.xml:57:5-47
MERGED from [com.google.android.material:material:1.0.0] AndroidManifest.xml:20:5-44
MERGED from [com.google.android.material:material:1.0.0] AndroidManifest.xml:20:5-44
MERGED from [androidx.appcompat:appcompat:1.0.2] AndroidManifest.xml:20:5-44
MERGED from [androidx.appcompat:appcompat:1.0.2] AndroidManifest.xml:20:5-44
MERGED from [androidx.recyclerview:recyclerview:1.0.0] AndroidManifest.xml:20:5-44
MERGED from [androidx.recyclerview:recyclerview:1.0.0] AndroidManifest.xml:20:5-44
MERGED from [androidx.legacy:legacy-support-v4:1.0.0] AndroidManifest.xml:20:5-44
MERGED from [androidx.legacy:legacy-support-v4:1.0.0] AndroidManifest.xml:20:5-44
MERGED from [androidx.gridlayout:gridlayout:1.0.0] AndroidManifest.xml:20:5-44
MERGED from [androidx.gridlayout:gridlayout:1.0.0] AndroidManifest.xml:20:5-44
MERGED from [androidx.fragment:fragment:1.0.0] AndroidManifest.xml:20:5-44
MERGED from [androidx.fragment:fragment:1.0.0] AndroidManifest.xml:20:5-44
MERGED from [androidx.vectordrawable:vectordrawable-animated:1.0.0] AndroidManifest.xml:20:5-44
MERGED from [androidx.vectordrawable:vectordrawable-animated:1.0.0] AndroidManifest.xml:20:5-44
MERGED from [androidx.legacy:legacy-support-core-ui:1.0.0] AndroidManifest.xml:20:5-44
MERGED from [androidx.legacy:legacy-support-core-ui:1.0.0] AndroidManifest.xml:20:5-44
MERGED from [androidx.legacy:legacy-support-core-utils:1.0.0] AndroidManifest.xml:20:5-44
MERGED from [androidx.legacy:legacy-support-core-utils:1.0.0] AndroidManifest.xml:20:5-44
MERGED from [androidx.media:media:1.0.0] AndroidManifest.xml:20:5-44
MERGED from [androidx.media:media:1.0.0] AndroidManifest.xml:20:5-44
MERGED from [androidx.transition:transition:1.0.0] AndroidManifest.xml:20:5-44
MERGED from [androidx.transition:transition:1.0.0] AndroidManifest.xml:20:5-44
MERGED from [androidx.cardview:cardview:1.0.0] AndroidManifest.xml:20:5-44
MERGED from [androidx.cardview:cardview:1.0.0] AndroidManifest.xml:20:5-44
MERGED from [androidx.documentfile:documentfile:1.0.0] AndroidManifest.xml:20:5-44
MERGED from [androidx.documentfile:documentfile:1.0.0] AndroidManifest.xml:20:5-44
MERGED from [androidx.loader:loader:1.0.0] AndroidManifest.xml:20:5-44
MERGED from [androidx.loader:loader:1.0.0] AndroidManifest.xml:20:5-44
MERGED from [androidx.localbroadcastmanager:localbroadcastmanager:1.0.0] AndroidManifest.xml:20:5-44
MERGED from [androidx.localbroadcastmanager:localbroadcastmanager:1.0.0] AndroidManifest.xml:20:5-44
MERGED from [androidx.print:print:1.0.0] AndroidManifest.xml:20:5-44
MERGED from [androidx.print:print:1.0.0] AndroidManifest.xml:20:5-44
MERGED from [androidx.lifecycle:lifecycle-viewmodel:2.0.0] AndroidManifest.xml:20:5-44
MERGED from [androidx.lifecycle:lifecycle-viewmodel:2.0.0] AndroidManifest.xml:20:5-44
MERGED from [androidx.viewpager:viewpager:1.0.0] AndroidManifest.xml:20:5-44
MERGED from [androidx.viewpager:viewpager:1.0.0] AndroidManifest.xml:20:5-44
MERGED from [androidx.coordinatorlayout:coordinatorlayout:1.0.0] AndroidManifest.xml:20:5-44
MERGED from [androidx.coordinatorlayout:coordinatorlayout:1.0.0] AndroidManifest.xml:20:5-44
MERGED from [androidx.drawerlayout:drawerlayout:1.0.0] AndroidManifest.xml:20:5-44
MERGED from [androidx.drawerlayout:drawerlayout:1.0.0] AndroidManifest.xml:20:5-44
MERGED from [androidx.slidingpanelayout:slidingpanelayout:1.0.0] AndroidManifest.xml:20:5-44
MERGED from [androidx.slidingpanelayout:slidingpanelayout:1.0.0] AndroidManifest.xml:20:5-44
MERGED from [androidx.customview:customview:1.0.0] AndroidManifest.xml:20:5-44
MERGED from [androidx.customview:customview:1.0.0] AndroidManifest.xml:20:5-44
MERGED from [androidx.swiperefreshlayout:swiperefreshlayout:1.0.0] AndroidManifest.xml:20:5-44
MERGED from [androidx.swiperefreshlayout:swiperefreshlayout:1.0.0] AndroidManifest.xml:20:5-44
MERGED from [androidx.interpolator:interpolator:1.0.0] AndroidManifest.xml:20:5-44
MERGED from [androidx.interpolator:interpolator:1.0.0] AndroidManifest.xml:20:5-44
MERGED from [androidx.asynclayoutinflater:asynclayoutinflater:1.0.0] AndroidManifest.xml:20:5-44
MERGED from [androidx.asynclayoutinflater:asynclayoutinflater:1.0.0] AndroidManifest.xml:20:5-44
MERGED from [androidx.cursoradapter:cursoradapter:1.0.0] AndroidManifest.xml:20:5-44
MERGED from [androidx.cursoradapter:cursoradapter:1.0.0] AndroidManifest.xml:20:5-44
MERGED from [androidx.vectordrawable:vectordrawable:1.0.1] AndroidManifest.xml:20:5-44
MERGED from [androidx.vectordrawable:vectordrawable:1.0.1] AndroidManifest.xml:20:5-44
MERGED from [androidx.core:core:1.0.1] AndroidManifest.xml:20:5-44
MERGED from [androidx.core:core:1.0.1] AndroidManifest.xml:20:5-44
MERGED from [androidx.versionedparcelable:versionedparcelable:1.0.0] AndroidManifest.xml:20:5-44
MERGED from [androidx.versionedparcelable:versionedparcelable:1.0.0] AndroidManifest.xml:20:5-44
MERGED from [androidx.lifecycle:lifecycle-livedata:2.0.0] AndroidManifest.xml:20:5-44
MERGED from [androidx.lifecycle:lifecycle-livedata:2.0.0] AndroidManifest.xml:20:5-44
MERGED from [androidx.lifecycle:lifecycle-livedata-core:2.0.0] AndroidManifest.xml:20:5-44
MERGED from [androidx.lifecycle:lifecycle-livedata-core:2.0.0] AndroidManifest.xml:20:5-44
MERGED from [androidx.arch.core:core-runtime:2.0.0] AndroidManifest.xml:20:5-44
MERGED from [androidx.arch.core:core-runtime:2.0.0] AndroidManifest.xml:20:5-44
MERGED from [androidx.lifecycle:lifecycle-runtime:2.0.0] AndroidManifest.xml:20:5-44
MERGED from [androidx.lifecycle:lifecycle-runtime:2.0.0] AndroidManifest.xml:20:5-44
INJECTED from src/main/AndroidManifest.xml:57:5-47
INJECTED from src/main/AndroidManifest.xml:57:5-47
	android:targetSdkVersion
		ADDED from src/main/AndroidManifest.xml:57:15-44
		INJECTED from src/main/AndroidManifest.xml
		INJECTED from src/main/AndroidManifest.xml
	android:minSdkVersion
		INJECTED from src/main/AndroidManifest.xml
		ADDED from src/main/AndroidManifest.xml:57:5-47
		INJECTED from src/main/AndroidManifest.xml
application
ADDED from src/main/AndroidManifest.xml:59:5-3272:19
MERGED from [com.google.android.material:material:1.0.0] AndroidManifest.xml:22:5-20
MERGED from [com.google.android.material:material:1.0.0] AndroidManifest.xml:22:5-20
MERGED from [androidx.core:core:1.0.1] AndroidManifest.xml:22:5-89
MERGED from [androidx.core:core:1.0.1] AndroidManifest.xml:22:5-89
MERGED from [androidx.versionedparcelable:versionedparcelable:1.0.0] AndroidManifest.xml:22:5-23:19
MERGED from [androidx.versionedparcelable:versionedparcelable:1.0.0] AndroidManifest.xml:22:5-23:19
	android:appComponentFactory
		ADDED from [androidx.core:core:1.0.1] AndroidManifest.xml:22:18-86
	android:supportsRtl
		ADDED from src/main/AndroidManifest.xml:63:13-39
	android:label
		ADDED from src/main/AndroidManifest.xml:60:13-57
	android:hardwareAccelerated
		ADDED from src/main/AndroidManifest.xml:62:13-47
	android:icon
		ADDED from src/main/AndroidManifest.xml:61:13-53
	android:theme
		ADDED from src/main/AndroidManifest.xml:64:13-78
	android:name
		ADDED from src/main/AndroidManifest.xml:59:18-52
uses-library#com.example.will.never.exist
ADDED from src/main/AndroidManifest.xml:68:9-94
	android:required
		ADDED from src/main/AndroidManifest.xml:68:67-91
	android:name
		ADDED from src/main/AndroidManifest.xml:68:23-66
activity#com.example.android.apis.ApiDemos
ADDED from src/main/AndroidManifest.xml:70:9-76:20
	android:name
		ADDED from src/main/AndroidManifest.xml:70:19-42
intent-filter#action:name:android.intent.action.MAIN+category:name:android.intent.category.DEFAULT+category:name:android.intent.category.LAUNCHER
ADDED from src/main/AndroidManifest.xml:71:13-75:29
action#android.intent.action.MAIN
ADDED from src/main/AndroidManifest.xml:72:17-69
	android:name
		ADDED from src/main/AndroidManifest.xml:72:25-66
category#android.intent.category.DEFAULT
ADDED from src/main/AndroidManifest.xml:73:17-76
	android:name
		ADDED from src/main/AndroidManifest.xml:73:27-73
category#android.intent.category.LAUNCHER
ADDED from src/main/AndroidManifest.xml:74:17-77
	android:name
		ADDED from src/main/AndroidManifest.xml:74:27-74
activity#com.example.android.apis.app.HelloWorld
ADDED from src/main/AndroidManifest.xml:84:9-89:20
	android:label
		ADDED from src/main/AndroidManifest.xml:84:50-94
	android:name
		ADDED from src/main/AndroidManifest.xml:84:19-49
intent-filter#action:name:android.intent.action.MAIN+category:name:android.intent.category.SAMPLE_CODE
ADDED from src/main/AndroidManifest.xml:85:13-88:29
category#android.intent.category.SAMPLE_CODE
ADDED from src/main/AndroidManifest.xml:87:17-80
	android:name
		ADDED from src/main/AndroidManifest.xml:87:27-77
activity#com.example.android.apis.app.DialogActivity
ADDED from src/main/AndroidManifest.xml:91:9-98:20
	android:label
		ADDED from src/main/AndroidManifest.xml:92:17-56
	android:theme
		ADDED from src/main/AndroidManifest.xml:93:17-58
	android:name
		ADDED from src/main/AndroidManifest.xml:91:19-53
activity#com.example.android.apis.app.CustomDialogActivity
ADDED from src/main/AndroidManifest.xml:100:9-107:20
	android:label
		ADDED from src/main/AndroidManifest.xml:101:17-63
	android:theme
		ADDED from src/main/AndroidManifest.xml:102:17-58
	android:name
		ADDED from src/main/AndroidManifest.xml:100:19-59
activity#com.example.android.apis.app.OverscanActivity
ADDED from src/main/AndroidManifest.xml:109:9-117:20
	android:enabled
		ADDED from src/main/AndroidManifest.xml:112:17-60
	android:label
		ADDED from src/main/AndroidManifest.xml:110:17-58
	android:theme
		ADDED from src/main/AndroidManifest.xml:111:17-79
	android:name
		ADDED from src/main/AndroidManifest.xml:109:19-55
activity#com.example.android.apis.app.QuickContactsDemo
ADDED from src/main/AndroidManifest.xml:119:8-125:20
	android:label
		ADDED from src/main/AndroidManifest.xml:120:17-60
	android:name
		ADDED from src/main/AndroidManifest.xml:119:18-55
activity#com.example.android.apis.app.WallpaperActivity
ADDED from src/main/AndroidManifest.xml:127:9-134:20
	android:label
		ADDED from src/main/AndroidManifest.xml:128:17-59
	android:theme
		ADDED from src/main/AndroidManifest.xml:129:17-55
	android:name
		ADDED from src/main/AndroidManifest.xml:127:19-56
activity#com.example.android.apis.app.TranslucentActivity
ADDED from src/main/AndroidManifest.xml:136:9-143:20
	android:label
		ADDED from src/main/AndroidManifest.xml:137:17-61
	android:theme
		ADDED from src/main/AndroidManifest.xml:138:17-57
	android:name
		ADDED from src/main/AndroidManifest.xml:136:19-58
activity#com.example.android.apis.app.TranslucentBlurActivity
ADDED from src/main/AndroidManifest.xml:145:9-152:20
	android:label
		ADDED from src/main/AndroidManifest.xml:146:17-66
	android:theme
		ADDED from src/main/AndroidManifest.xml:147:17-57
	android:name
		ADDED from src/main/AndroidManifest.xml:145:19-62
activity#com.example.android.apis.app.Animation
ADDED from src/main/AndroidManifest.xml:154:9-159:20
	android:label
		ADDED from src/main/AndroidManifest.xml:154:49-91
	android:name
		ADDED from src/main/AndroidManifest.xml:154:19-48
activity#com.example.android.apis.app.SaveRestoreState
ADDED from src/main/AndroidManifest.xml:161:9-168:20
	android:label
		ADDED from src/main/AndroidManifest.xml:162:17-62
	android:windowSoftInputMode
		ADDED from src/main/AndroidManifest.xml:163:17-72
	android:name
		ADDED from src/main/AndroidManifest.xml:161:19-55
activity#com.example.android.apis.app.PersistentState
ADDED from src/main/AndroidManifest.xml:170:9-177:20
	android:label
		ADDED from src/main/AndroidManifest.xml:171:17-60
	android:windowSoftInputMode
		ADDED from src/main/AndroidManifest.xml:172:17-72
	android:name
		ADDED from src/main/AndroidManifest.xml:170:19-54
activity#com.example.android.apis.app.ActivityRecreate
ADDED from src/main/AndroidManifest.xml:179:9-186:20
	android:enabled
		ADDED from src/main/AndroidManifest.xml:181:17-57
	android:label
		ADDED from src/main/AndroidManifest.xml:180:17-58
	android:name
		ADDED from src/main/AndroidManifest.xml:179:19-55
activity#com.example.android.apis.app.FinishAffinity
ADDED from src/main/AndroidManifest.xml:188:9-196:20
	android:enabled
		ADDED from src/main/AndroidManifest.xml:191:17-57
	android:label
		ADDED from src/main/AndroidManifest.xml:189:17-65
	android:taskAffinity
		ADDED from src/main/AndroidManifest.xml:190:17-50
	android:name
		ADDED from src/main/AndroidManifest.xml:188:19-53
activity#com.example.android.apis.app.SoftInputModes
ADDED from src/main/AndroidManifest.xml:198:9-204:20
	android:label
		ADDED from src/main/AndroidManifest.xml:199:17-57
	android:name
		ADDED from src/main/AndroidManifest.xml:198:19-53
activity#com.example.android.apis.app.ReceiveResult
ADDED from src/main/AndroidManifest.xml:206:9-211:20
	android:label
		ADDED from src/main/AndroidManifest.xml:206:53-100
	android:name
		ADDED from src/main/AndroidManifest.xml:206:19-52
activity#com.example.android.apis.app.SendResult
ADDED from src/main/AndroidManifest.xml:213:9-215:20
	android:theme
		ADDED from src/main/AndroidManifest.xml:214:17-60
	android:name
		ADDED from src/main/AndroidManifest.xml:213:19-49
activity#com.example.android.apis.app.Forwarding
ADDED from src/main/AndroidManifest.xml:217:9-222:20
	android:label
		ADDED from src/main/AndroidManifest.xml:217:50-93
	android:name
		ADDED from src/main/AndroidManifest.xml:217:19-49
activity#com.example.android.apis.app.ForwardTarget
ADDED from src/main/AndroidManifest.xml:224:9-225:20
	android:name
		ADDED from src/main/AndroidManifest.xml:224:19-52
activity#com.example.android.apis.app.RedirectEnter
ADDED from src/main/AndroidManifest.xml:227:9-232:20
	android:label
		ADDED from src/main/AndroidManifest.xml:227:53-94
	android:name
		ADDED from src/main/AndroidManifest.xml:227:19-52
activity#com.example.android.apis.app.RedirectMain
ADDED from src/main/AndroidManifest.xml:234:9-235:20
	android:name
		ADDED from src/main/AndroidManifest.xml:234:19-51
activity#com.example.android.apis.app.RedirectGetter
ADDED from src/main/AndroidManifest.xml:237:9-238:20
	android:name
		ADDED from src/main/AndroidManifest.xml:237:19-53
activity#com.example.android.apis.app.CustomTitle
ADDED from src/main/AndroidManifest.xml:242:9-250:20
	android:label
		ADDED from src/main/AndroidManifest.xml:243:17-62
	android:windowSoftInputMode
		ADDED from src/main/AndroidManifest.xml:244:17-69
	android:theme
		ADDED from src/main/AndroidManifest.xml:245:17-53
	android:name
		ADDED from src/main/AndroidManifest.xml:242:19-50
activity#com.example.android.apis.app.ReorderOnLaunch
ADDED from src/main/AndroidManifest.xml:252:9-258:20
	android:label
		ADDED from src/main/AndroidManifest.xml:253:17-57
	android:name
		ADDED from src/main/AndroidManifest.xml:252:19-54
activity#com.example.android.apis.app.RotationAnimation
ADDED from src/main/AndroidManifest.xml:260:9-267:20
	android:label
		ADDED from src/main/AndroidManifest.xml:261:17-68
	android:rotationAnimation
		ADDED from src/main/AndroidManifest.xml:262:17-54
	android:name
		ADDED from src/main/AndroidManifest.xml:260:19-56
activity#com.example.android.apis.app.ReorderTwo
ADDED from src/main/AndroidManifest.xml:269:9-52
	android:name
		ADDED from src/main/AndroidManifest.xml:269:19-49
activity#com.example.android.apis.app.ReorderThree
ADDED from src/main/AndroidManifest.xml:270:9-54
	android:name
		ADDED from src/main/AndroidManifest.xml:270:19-51
activity#com.example.android.apis.app.ReorderFour
ADDED from src/main/AndroidManifest.xml:271:9-53
	android:name
		ADDED from src/main/AndroidManifest.xml:271:19-50
activity#com.example.android.apis.app.SetWallpaperActivity
ADDED from src/main/AndroidManifest.xml:273:9-279:20
	android:label
		ADDED from src/main/AndroidManifest.xml:274:19-64
	android:name
		ADDED from src/main/AndroidManifest.xml:273:19-59
activity#com.example.android.apis.app.ScreenOrientation
ADDED from src/main/AndroidManifest.xml:281:9-287:20
	android:label
		ADDED from src/main/AndroidManifest.xml:282:19-70
	android:name
		ADDED from src/main/AndroidManifest.xml:281:19-56
activity#com.example.android.apis.app.PictureInPicture
ADDED from src/main/AndroidManifest.xml:289:9-299:20
	android:label
		ADDED from src/main/AndroidManifest.xml:290:19-70
	android:supportsPictureInPicture
		ADDED from src/main/AndroidManifest.xml:292:19-58
	android:resizeableActivity
		ADDED from src/main/AndroidManifest.xml:291:19-52
	android:configChanges
		ADDED from src/main/AndroidManifest.xml:293:19-118
	android:name
		ADDED from src/main/AndroidManifest.xml:289:19-55
activity#com.example.android.apis.app.MaxAspectRatio$Square
ADDED from src/main/AndroidManifest.xml:301:9-310:20
	android:maxAspectRatio
		ADDED from src/main/AndroidManifest.xml:305:19-45
	android:label
		ADDED from src/main/AndroidManifest.xml:302:19-75
	android:resizeableActivity
		ADDED from src/main/AndroidManifest.xml:303:19-53
	android:theme
		ADDED from src/main/AndroidManifest.xml:304:19-78
	android:name
		ADDED from src/main/AndroidManifest.xml:301:19-60
activity#com.example.android.apis.app.MaxAspectRatio$SixteenToNine
ADDED from src/main/AndroidManifest.xml:312:9-321:20
	android:maxAspectRatio
		ADDED from src/main/AndroidManifest.xml:316:13-48
	android:label
		ADDED from src/main/AndroidManifest.xml:313:13-68
	android:resizeableActivity
		ADDED from src/main/AndroidManifest.xml:314:13-47
	android:theme
		ADDED from src/main/AndroidManifest.xml:315:13-72
	android:name
		ADDED from src/main/AndroidManifest.xml:312:19-67
activity#com.example.android.apis.app.MaxAspectRatio$Any
ADDED from src/main/AndroidManifest.xml:323:9-331:20
	android:label
		ADDED from src/main/AndroidManifest.xml:324:13-66
	android:resizeableActivity
		ADDED from src/main/AndroidManifest.xml:325:13-46
	android:theme
		ADDED from src/main/AndroidManifest.xml:326:13-72
	android:name
		ADDED from src/main/AndroidManifest.xml:323:19-57
activity#com.example.android.apis.app.PresentationActivity
ADDED from src/main/AndroidManifest.xml:333:9-339:20
	android:label
		ADDED from src/main/AndroidManifest.xml:334:17-62
	android:name
		ADDED from src/main/AndroidManifest.xml:333:19-59
activity#com.example.android.apis.app.PresentationWithMediaRouterActivity
ADDED from src/main/AndroidManifest.xml:341:9-347:20
	android:label
		ADDED from src/main/AndroidManifest.xml:342:17-80
	android:name
		ADDED from src/main/AndroidManifest.xml:341:19-74
activity#com.example.android.apis.app.SecureWindowActivity
ADDED from src/main/AndroidManifest.xml:349:9-355:20
	android:label
		ADDED from src/main/AndroidManifest.xml:350:17-63
	android:name
		ADDED from src/main/AndroidManifest.xml:349:19-59
activity#com.example.android.apis.app.SecureDialogActivity
ADDED from src/main/AndroidManifest.xml:357:9-363:20
	android:label
		ADDED from src/main/AndroidManifest.xml:358:17-63
	android:name
		ADDED from src/main/AndroidManifest.xml:357:19-59
activity#com.example.android.apis.app.SecureSurfaceViewActivity
ADDED from src/main/AndroidManifest.xml:365:9-371:20
	android:label
		ADDED from src/main/AndroidManifest.xml:366:17-69
	android:name
		ADDED from src/main/AndroidManifest.xml:365:19-64
activity#com.example.android.apis.app.FragmentAlertDialog
ADDED from src/main/AndroidManifest.xml:375:9-382:20
	android:enabled
		ADDED from src/main/AndroidManifest.xml:377:17-57
	android:label
		ADDED from src/main/AndroidManifest.xml:376:17-62
	android:name
		ADDED from src/main/AndroidManifest.xml:375:19-58
activity#com.example.android.apis.app.FragmentArguments
ADDED from src/main/AndroidManifest.xml:384:9-391:20
	android:enabled
		ADDED from src/main/AndroidManifest.xml:386:17-57
	android:label
		ADDED from src/main/AndroidManifest.xml:385:17-59
	android:name
		ADDED from src/main/AndroidManifest.xml:384:19-56
activity#com.example.android.apis.app.FragmentCustomAnimations
ADDED from src/main/AndroidManifest.xml:393:9-400:20
	android:enabled
		ADDED from src/main/AndroidManifest.xml:395:17-60
	android:label
		ADDED from src/main/AndroidManifest.xml:394:17-67
	android:name
		ADDED from src/main/AndroidManifest.xml:393:19-63
activity#com.example.android.apis.app.FragmentHideShow
ADDED from src/main/AndroidManifest.xml:402:9-410:20
	android:enabled
		ADDED from src/main/AndroidManifest.xml:405:17-57
	android:label
		ADDED from src/main/AndroidManifest.xml:403:17-59
	android:windowSoftInputMode
		ADDED from src/main/AndroidManifest.xml:404:17-61
	android:name
		ADDED from src/main/AndroidManifest.xml:402:19-55
activity#com.example.android.apis.app.FragmentContextMenu
ADDED from src/main/AndroidManifest.xml:412:9-419:20
	android:enabled
		ADDED from src/main/AndroidManifest.xml:414:17-57
	android:label
		ADDED from src/main/AndroidManifest.xml:413:17-62
	android:name
		ADDED from src/main/AndroidManifest.xml:412:19-58
activity#com.example.android.apis.app.FragmentDialog
ADDED from src/main/AndroidManifest.xml:421:9-428:20
	android:enabled
		ADDED from src/main/AndroidManifest.xml:423:17-57
	android:label
		ADDED from src/main/AndroidManifest.xml:422:17-56
	android:name
		ADDED from src/main/AndroidManifest.xml:421:19-53
activity#com.example.android.apis.app.FragmentDialogOrActivity
ADDED from src/main/AndroidManifest.xml:430:9-437:20
	android:enabled
		ADDED from src/main/AndroidManifest.xml:432:17-57
	android:label
		ADDED from src/main/AndroidManifest.xml:431:17-68
	android:name
		ADDED from src/main/AndroidManifest.xml:430:19-63
activity#com.example.android.apis.app.FragmentLayout
ADDED from src/main/AndroidManifest.xml:439:9-446:20
	android:enabled
		ADDED from src/main/AndroidManifest.xml:441:17-57
	android:label
		ADDED from src/main/AndroidManifest.xml:440:17-56
	android:name
		ADDED from src/main/AndroidManifest.xml:439:19-53
activity#com.example.android.apis.app.FragmentLayout$DetailsActivity
ADDED from src/main/AndroidManifest.xml:448:9-449:60
	android:enabled
		ADDED from src/main/AndroidManifest.xml:449:17-57
	android:name
		ADDED from src/main/AndroidManifest.xml:448:19-69
activity#com.example.android.apis.app.FragmentListArray
ADDED from src/main/AndroidManifest.xml:451:9-458:20
	android:enabled
		ADDED from src/main/AndroidManifest.xml:453:17-57
	android:label
		ADDED from src/main/AndroidManifest.xml:452:17-60
	android:name
		ADDED from src/main/AndroidManifest.xml:451:19-56
activity#com.example.android.apis.app.FragmentMenu
ADDED from src/main/AndroidManifest.xml:460:9-467:20
	android:enabled
		ADDED from src/main/AndroidManifest.xml:462:17-57
	android:label
		ADDED from src/main/AndroidManifest.xml:461:17-54
	android:name
		ADDED from src/main/AndroidManifest.xml:460:19-51